# JRE version: Java(TM) SE Runtime Environment (8.0_11-b12) (build 1.8.0_11-b12)
# Java VM: Java HotSpot(TM) 64-Bit Server VM (25.11-b03 mixed mode windows-amd64 compressed oops)
Heap:
 PSYoungGen      total 53248K, used 6395K [0x00000000f5580000, 0x00000000f9000000, 0x0000000100000000)
  eden space 52736K, 11% used [0x00000000f5580000,0x00000000f5b9ee68,0x00000000f8900000)
  from space 512K, 25% used [0x00000000f8b80000,0x00000000f8ba0000,0x00000000f8c00000)
  to   space 3584K, 0% used [0x00000000f8c80000,0x00000000f8c80000,0x00000000f9000000)
 ParOldGen       total 64000K, used 39457K [0x00000000e0000000, 0x00000000e3e80000, 0x00000000f5580000)
  object space 64000K, 61% used [0x00000000e0000000,0x00000000e2688458,0x00000000e3e80000)
 Metaspace       used 12277K, capacity 12486K, committed 12672K, reserved 1060864K
  class space    used 1317K, capacity 1375K, committed 1408K, reserved 1048576K
GC Heap History (10 events):
Event: 25.413 GC heap before
{Heap before GC invocations=16 (full 1):
 PSYoungGen      total 29184K, used 26112K [0x00000000f5580000, 0x00000000f7680000, 0x0000000100000000)
  eden space 26112K, 100% used [0x00000000f5580000,0x00000000f6f00000,0x00000000f6f00000)
  from space 3072K, 0% used [0x00000000f7280000,0x00000000f7280000,0x00000000f7580000)
  to   space 3584K, 0% used [0x00000000f6f00000,0x00000000f6f00000,0x00000000f7280000)
 ParOldGen       total 64000K, used 39313K [0x00000000e0000000, 0x00000000e3e80000, 0x00000000f5580000)
  object space 64000K, 61% used [0x00000000e0000000,0x00000000e2664458,0x00000000e3e80000)
 Metaspace       used 12149K, capacity 12326K, committed 12672K, reserved 1060864K
  class space    used 1309K, capacity 1343K, committed 1408K, reserved 1048576K
Event: 25.414 GC heap after
Heap after GC invocations=16 (full 1):
 PSYoungGen      total 29696K, used 160K [0x00000000f5580000, 0x00000000f8480000, 0x0000000100000000)
  eden space 26112K, 0% used [0x00000000f5580000,0x00000000f5580000,0x00000000f6f00000)
  from space 3584K, 4% used [0x00000000f6f00000,0x00000000f6f28000,0x00000000f7280000)
  to   space 3584K, 0% used [0x00000000f8100000,0x00000000f8100000,0x00000000f8480000)
 ParOldGen       total 64000K, used 39321K [0x00000000e0000000, 0x00000000e3e80000, 0x00000000f5580000)
  object space 64000K, 61% used [0x00000000e0000000,0x00000000e2666458,0x00000000e3e80000)
 Metaspace       used 12149K, capacity 12326K, committed 12672K, reserved 1060864K
  class space    used 1309K, capacity 1343K, committed 1408K, reserved 1048576K
}
Event: 30.313 GC heap before
{Heap before GC invocations=17 (full 1):
 PSYoungGen      total 29696K, used 26272K [0x00000000f5580000, 0x00000000f8480000, 0x0000000100000000)
  eden space 26112K, 100% used [0x00000000f5580000,0x00000000f6f00000,0x00000000f6f00000)
  from space 3584K, 4% used [0x00000000f6f00000,0x00000000f6f28000,0x00000000f7280000)
  to   space 3584K, 0% used [0x00000000f8100000,0x00000000f8100000,0x00000000f8480000)
 ParOldGen       total 64000K, used 39321K [0x00000000e0000000, 0x00000000e3e80000, 0x00000000f5580000)
  object space 64000K, 61% used [0x00000000e0000000,0x00000000e2666458,0x00000000e3e80000)
 Metaspace       used 12200K, capacity 12390K, committed 12672K, reserved 1060864K
  class space    used 1309K, capacity 1343K, committed 1408K, reserved 1048576K
Event: 30.314 GC heap after
Heap after GC invocations=17 (full 1):
 PSYoungGen      total 44544K, used 128K [0x00000000f5580000, 0x00000000f8480000, 0x0000000100000000)
  eden space 40960K, 0% used [0x00000000f5580000,0x00000000f5580000,0x00000000f7d80000)
  from space 3584K, 3% used [0x00000000f8100000,0x00000000f8120000,0x00000000f8480000)
  to   space 3584K, 0% used [0x00000000f7d80000,0x00000000f7d80000,0x00000000f8100000)
 ParOldGen       total 64000K, used 39377K [0x00000000e0000000, 0x00000000e3e80000, 0x00000000f5580000)
  object space 64000K, 61% used [0x00000000e0000000,0x00000000e2674458,0x00000000e3e80000)
 Metaspace       used 12200K, capacity 12390K, committed 12672K, reserved 1060864K
  class space    used 1309K, capacity 1343K, committed 1408K, reserved 1048576K
}
Event: 37.193 GC heap before
{Heap before GC invocations=18 (full 1):
 PSYoungGen      total 44544K, used 41088K [0x00000000f5580000, 0x00000000f8480000, 0x0000000100000000)
  eden space 40960K, 100% used [0x00000000f5580000,0x00000000f7d80000,0x00000000f7d80000)
  from space 3584K, 3% used [0x00000000f8100000,0x00000000f8120000,0x00000000f8480000)
  to   space 3584K, 0% used [0x00000000f7d80000,0x00000000f7d80000,0x00000000f8100000)
 ParOldGen       total 64000K, used 39377K [0x00000000e0000000, 0x00000000e3e80000, 0x00000000f5580000)
  object space 64000K, 61% used [0x00000000e0000000,0x00000000e2674458,0x00000000e3e80000)
 Metaspace       used 12206K, capacity 12390K, committed 12672K, reserved 1060864K
  class space    used 1309K, capacity 1343K, committed 1408K, reserved 1048576K
Event: 37.194 GC heap after
Heap after GC invocations=18 (full 1):
 PSYoungGen      total 44544K, used 96K [0x00000000f5580000, 0x00000000f9300000, 0x0000000100000000)
  eden space 40960K, 0% used [0x00000000f5580000,0x00000000f5580000,0x00000000f7d80000)
  from space 3584K, 2% used [0x00000000f7d80000,0x00000000f7d98000,0x00000000f8100000)
  to   space 3584K, 0% used [0x00000000f8f80000,0x00000000f8f80000,0x00000000f9300000)
 ParOldGen       total 64000K, used 39409K [0x00000000e0000000, 0x00000000e3e80000, 0x00000000f5580000)
  object space 64000K, 61% used [0x00000000e0000000,0x00000000e267c458,0x00000000e3e80000)
 Metaspace       used 12206K, capacity 12390K, committed 12672K, reserved 1060864K
  class space    used 1309K, capacity 1343K, committed 1408K, reserved 1048576K
}
Event: 43.322 GC heap before
{Heap before GC invocations=19 (full 1):
 PSYoungGen      total 44544K, used 41056K [0x00000000f5580000, 0x00000000f9300000, 0x0000000100000000)
  eden space 40960K, 100% used [0x00000000f5580000,0x00000000f7d80000,0x00000000f7d80000)
  from space 3584K, 2% used [0x00000000f7d80000,0x00000000f7d98000,0x00000000f8100000)
  to   space 3584K, 0% used [0x00000000f8f80000,0x00000000f8f80000,0x00000000f9300000)
 ParOldGen       total 64000K, used 39409K [0x00000000e0000000, 0x00000000e3e80000, 0x00000000f5580000)
  object space 64000K, 61% used [0x00000000e0000000,0x00000000e267c458,0x00000000e3e80000)
 Metaspace       used 12226K, capacity 12390K, committed 12672K, reserved 1060864K
  class space    used 1309K, capacity 1343K, committed 1408K, reserved 1048576K
Event: 43.324 GC heap after
Heap after GC invocations=19 (full 1):
 PSYoungGen      total 58368K, used 128K [0x00000000f5580000, 0x00000000f9280000, 0x0000000100000000)
  eden space 55296K, 0% used [0x00000000f5580000,0x00000000f5580000,0x00000000f8b80000)
  from space 3072K, 4% used [0x00000000f8f80000,0x00000000f8fa0000,0x00000000f9280000)
  to   space 3584K, 0% used [0x00000000f8b80000,0x00000000f8b80000,0x00000000f8f00000)
 ParOldGen       total 64000K, used 39433K [0x00000000e0000000, 0x00000000e3e80000, 0x00000000f5580000)
  object space 64000K, 61% used [0x00000000e0000000,0x00000000e2682458,0x00000000e3e80000)
 Metaspace       used 12226K, capacity 12390K, committed 12672K, reserved 1060864K
  class space    used 1309K, capacity 1343K, committed 1408K, reserved 1048576K
}
Event: 50.851 GC heap before
{Heap before GC invocations=20 (full 1):
 PSYoungGen      total 58368K, used 55424K [0x00000000f5580000, 0x00000000f9280000, 0x0000000100000000)
  eden space 55296K, 100% used [0x00000000f5580000,0x00000000f8b80000,0x00000000f8b80000)
  from space 3072K, 4% used [0x00000000f8f80000,0x00000000f8fa0000,0x00000000f9280000)
  to   space 3584K, 0% used [0x00000000f8b80000,0x00000000f8b80000,0x00000000f8f00000)
 ParOldGen       total 64000K, used 39433K [0x00000000e0000000, 0x00000000e3e80000, 0x00000000f5580000)
  object space 64000K, 61% used [0x00000000e0000000,0x00000000e2682458,0x00000000e3e80000)
 Metaspace       used 12232K, capacity 12390K, committed 12672K, reserved 1060864K
  class space    used 1309K, capacity 1343K, committed 1408K, reserved 1048576K
Event: 50.851 GC heap after
Heap after GC invocations=20 (full 1):
 PSYoungGen      total 53248K, used 128K [0x00000000f5580000, 0x00000000f9000000, 0x0000000100000000)
  eden space 52736K, 0% used [0x00000000f5580000,0x00000000f5580000,0x00000000f8900000)
  from space 512K, 25% used [0x00000000f8b80000,0x00000000f8ba0000,0x00000000f8c00000)
  to   space 3584K, 0% used [0x00000000f8c80000,0x00000000f8c80000,0x00000000f9000000)
 ParOldGen       total 64000K, used 39457K [0x00000000e0000000, 0x00000000e3e80000, 0x00000000f5580000)
  object space 64000K, 61% used [0x00000000e0000000,0x00000000e2688458,0x00000000e3e80000)
 Metaspace       used 12232K, capacity 12390K, committed 12672K, reserved 1060864K
  class space    used 1309K, capacity 1343K, committed 1408K, reserved 1048576K
}

